<?xml version="1.0" encoding="UTF-8"?>
<testsuite xmlns:xsi="http://www.w3.org/2001/XMLSchema-instance" xsi:noNamespaceSchemaLocation="https://maven.apache.org/surefire/maven-surefire-plugin/xsd/surefire-test-report-3.0.xsd" version="3.0" name="edu.uob.dbfilesystem.TestDBTableFile" time="0.311" tests="32" errors="0" skipped="0" failures="0">
  <properties>
[...]
</properties>
  <testcase name="test_storeRecordIntoDBFile_nullRecord_returnsFalse" classname="edu.uob.dbfilesystem.TestDBTableFile" time="0.079"/>
  <testcase name="test_getTableName_noDirectory_fileNameReturned" classname="edu.uob.dbfilesystem.TestDBTableFile" time="0.004"/>
  <testcase name="test_createDBFile_fileDoesNotExist_fileCreated" classname="edu.uob.dbfilesystem.TestDBTableFile" time="0.018"/>
  <testcase name="test_storeRecordIntoDBFile_nullAttributes_returnsFalse" classname="edu.uob.dbfilesystem.TestDBTableFile" time="0.003"/>
  <testcase name="test_readColumnHeadingsIntoEntity_spacesInHeader_tableHeaderPopulated" classname="edu.uob.dbfilesystem.TestDBTableFile" time="0.004"/>
  <testcase name="test_storeEntityIntoDBFile_happyPath_headerAndRowsStoredInDBFile" classname="edu.uob.dbfilesystem.TestDBTableFile" time="0.015"/>
  <testcase name="test_storeColomnHeaderIntoDBFile_noColHeaders_returnsFalse" classname="edu.uob.dbfilesystem.TestDBTableFile" time="0.002"/>
  <testcase name="test_variousMetadataTests" classname="edu.uob.dbfilesystem.TestDBTableFile" time="0.024"/>
  <testcase name="test_readColumnHeadingsIntoEntity_happyPath_tableHeaderPopulated" classname="edu.uob.dbfilesystem.TestDBTableFile" time="0.002"/>
  <testcase name="test_readRecordIntoEntity_happyPath_rowAdded" classname="edu.uob.dbfilesystem.TestDBTableFile" time="0.003"/>
  <testcase name="test_storeRecordIntoDBFile_happyPath_fileExistsAndContainsSingleRow" classname="edu.uob.dbfilesystem.TestDBTableFile" time="0.002"/>
  <testcase name="test_storeEntityIntoDBFile_noRows_headerStillStoredInDBFile" classname="edu.uob.dbfilesystem.TestDBTableFile" time="0.004"/>
  <testcase name="test_readDBFileIntoEntity_happyPath_tableReadIntoEntity" classname="edu.uob.dbfilesystem.TestDBTableFile" time="0.005"/>
  <testcase name="test_readRecordIntoEntity_twice_tableContainsTwoRows" classname="edu.uob.dbfilesystem.TestDBTableFile" time="0.003"/>
  <testcase name="test_readColumnHeadingsIntoEntity_nullString_methodFalse" classname="edu.uob.dbfilesystem.TestDBTableFile" time="0.003"/>
  <testcase name="test_readDBFileIntoEntity_noRows_tableReadIntoEntity" classname="edu.uob.dbfilesystem.TestDBTableFile" time="0.004"/>
  <testcase name="test_getTableName_fileHasTwoExts_fileNameReturned" classname="edu.uob.dbfilesystem.TestDBTableFile" time="0.003"/>
  <testcase name="test_storeEntityIntoDBFile_noColHeaders_returnsFalse" classname="edu.uob.dbfilesystem.TestDBTableFile" time="0.004"/>
  <testcase name="test_readRecordIntoEntity_emptyRow_returnFalse" classname="edu.uob.dbfilesystem.TestDBTableFile" time="0.003"/>
  <testcase name="test_createDBFile_nullFile_returnFalse" classname="edu.uob.dbfilesystem.TestDBTableFile" time="0.003"/>
  <testcase name="test_readColumnHeadingsIntoEntity_nullTable_methodFalse" classname="edu.uob.dbfilesystem.TestDBTableFile" time="0.003"/>
  <testcase name="test_getTableName_nullFile_returnsNull" classname="edu.uob.dbfilesystem.TestDBTableFile" time="0.004"/>
  <testcase name="test_readRecordIntoEntity_rowNull_returnFalse" classname="edu.uob.dbfilesystem.TestDBTableFile" time="0.002"/>
  <testcase name="test_getTableName_noExt_fileNameReturned" classname="edu.uob.dbfilesystem.TestDBTableFile" time="0.005"/>
  <testcase name="test_readColumnHeadingsIntoEntity_emptyLine_methodFalse" classname="edu.uob.dbfilesystem.TestDBTableFile" time="0.002"/>
  <testcase name="test_readColumnHeadingsIntoEntity_spaceDelimited_singleColHeader" classname="edu.uob.dbfilesystem.TestDBTableFile" time="0.002"/>
  <testcase name="test_storeEntityIntoDBFile_nullTable_returnsFalse" classname="edu.uob.dbfilesystem.TestDBTableFile" time="0.004"/>
  <testcase name="test_getTableName_happyPath_fileNameReturned" classname="edu.uob.dbfilesystem.TestDBTableFile" time="0.003"/>
  <testcase name="test_storeRecordIntoDBFile_noAttributes_returnsTrue" classname="edu.uob.dbfilesystem.TestDBTableFile" time="0.003"/>
  <testcase name="test_storeColomnHeaderIntoDBFile_happyPath_fileExistsAndContainsHeaderText" classname="edu.uob.dbfilesystem.TestDBTableFile" time="0.003"/>
  <testcase name="test_storeColumnHeaderIntoDBFile_nullColHeaders_returnsFalse" classname="edu.uob.dbfilesystem.TestDBTableFile" time="0.002"/>
  <testcase name="test_readRecordIntoEntity_tableNull_returnFalse" classname="edu.uob.dbfilesystem.TestDBTableFile" time="0.002"/>
</testsuite>