<?xml version="1.0" encoding="UTF-8"?>
<testsuite xmlns:xsi="http://www.w3.org/2001/XMLSchema-instance" xsi:noNamespaceSchemaLocation="https://maven.apache.org/surefire/maven-surefire-plugin/xsd/surefire-test-report-3.0.xsd" version="3.0" name="edu.uob.cmdinterpreter.TestTokenizer" time="0.114" tests="23" errors="0" skipped="0" failures="0">
  <properties>
[...]
</properties>
  <testcase name="test_tokenize_basicJoinStatement_nineTokensAdded" classname="edu.uob.cmdinterpreter.TestTokenizer" time="0.014"/>
  <testcase name="test_tokenize_invalidOperatorNoSpaceAfterLike_tokenizedAsIdentifier" classname="edu.uob.cmdinterpreter.TestTokenizer" time="0.003"/>
  <testcase name="test_tokenize_validIdentifierWithDigit_tokenAdded" classname="edu.uob.cmdinterpreter.TestTokenizer" time="0.002"/>
  <testcase name="test_tokenize_invalidTokens_emptyStringInput_TokenizerExceptionThrown" classname="edu.uob.cmdinterpreter.TestTokenizer" time="0.005"/>
  <testcase name="test_tokenize_validStringLiteralWithSpecialChar_literalTokenAdded" classname="edu.uob.cmdinterpreter.TestTokenizer" time="0.002"/>
  <testcase name="test_tokenize_invalidKeyword_tokenAddedButIsNotKW" classname="edu.uob.cmdinterpreter.TestTokenizer" time="0.003"/>
  <testcase name="test_tokenize_invalidCommandTypeTokens_misspelt_tokenAddedButIsNotCT" classname="edu.uob.cmdinterpreter.TestTokenizer" time="0.002"/>
  <testcase name="test_tokenize_validLiteralChar_letterLiteralAdded" classname="edu.uob.cmdinterpreter.TestTokenizer" time="0.002"/>
  <testcase name="test_tokenize_validKeyword_threeTokensAdded" classname="edu.uob.cmdinterpreter.TestTokenizer" time="0.001"/>
  <testcase name="test_tokenize_validOperators_sevenOperationTokensAdded" classname="edu.uob.cmdinterpreter.TestTokenizer" time="0.002"/>
  <testcase name="test_tokenize_validCommandTypeTokens_nineCommandTypeTokensAdded" classname="edu.uob.cmdinterpreter.TestTokenizer" time="0.002"/>
  <testcase name="test_tokenize_invalidByTokenizedAsId_nullIdAdded" classname="edu.uob.cmdinterpreter.TestTokenizer" time="0.001"/>
  <testcase name="test_tokenize_validLiteralStrings_twoStringLiteralsAdded" classname="edu.uob.cmdinterpreter.TestTokenizer" time="0.002"/>
  <testcase name="test_tokenize_validPositiveLiteralInteger_integerLiteralAdded" classname="edu.uob.cmdinterpreter.TestTokenizer" time="0.001"/>
  <testcase name="test_tokenize_invalidCommandTypeTokens_noSpaces_tokenAddedButIsNotCT" classname="edu.uob.cmdinterpreter.TestTokenizer" time="0.002"/>
  <testcase name="test_tokenize_basicSelectStatement_sevenTokensAdded" classname="edu.uob.cmdinterpreter.TestTokenizer" time="0.003"/>
  <testcase name="test_tokenize_validLiteralBoolean_trueLiteralAdded" classname="edu.uob.cmdinterpreter.TestTokenizer" time="0.001"/>
  <testcase name="test_tokenize_validLiteralStringsAmongstWords_twoStringLiteralsAdded2" classname="edu.uob.cmdinterpreter.TestTokenizer" time="0.003"/>
  <testcase name="test_tokenize_invalidLiteralNULLAdjacentTerm_tokenizedAsIdentifier" classname="edu.uob.cmdinterpreter.TestTokenizer" time="0.002"/>
  <testcase name="test_tokenize_invalidTokens_nullStringInput_TokenizerExceptionThrown" classname="edu.uob.cmdinterpreter.TestTokenizer" time="0.003"/>
  <testcase name="test_tokenize_basicInsertStatement_nineteenTokensAdded" classname="edu.uob.cmdinterpreter.TestTokenizer" time="0.004"/>
  <testcase name="test_tokenize_validIdentifier_tokenAdded" classname="edu.uob.cmdinterpreter.TestTokenizer" time="0.005"/>
  <testcase name="test_tokenize_validNegativeLiteralFloat_floatLiteralAdded" classname="edu.uob.cmdinterpreter.TestTokenizer" time="0.002"/>
</testsuite>